<?xml version="1.0" encoding="utf-8"?><testsuites name="pytest tests"><testsuite name="pytest" errors="0" failures="0" skipped="0" tests="82" time="9.327" timestamp="2026-08-24T04:41:35.018490+00:00" hostname="agent-env-2048c3ed-0bd1-4a04-b774-7af212031de0"><testcase classname="tests.backend_test.TestAuth" name="test_admin_login" time="0.562" /><testcase classname="tests.test_billing" name="test_meta_has_new_constants" time="0.560" /><testcase classname="tests.test_billing" name="test_business_settings_get_and_update" time="0.647" /><testcase classname="tests.backend_test.TestAuth" name="test_employee_login" time="0.328" /><testcase classname="tests.backend_test.TestAuth" name="test_bad_password" time="0.315" /><testcase classname="tests.backend_test.TestAuth" name="test_unknown_email" time="0.089" /><testcase classname="tests.test_billing" name="test_business_settings_update_employee_forbidden" time="0.662" /><testcase classname="tests.backend_test.TestAuth" name="test_me" time="0.497" /><testcase classname="tests.backend_test.TestAuth" name="test_protected_requires_token" time="0.356" /><testcase classname="tests.test_billing" name="test_create_proposal_amount_math" time="0.124" /><testcase classname="tests.test_billing" name="test_update_proposal_recomputes" time="0.168" /><testcase classname="tests.backend_test.TestAuth" name="test_invalid_token_rejected" time="0.241" /><testcase classname="tests.test_billing" name="test_proposal_pdf" time="0.271" /><testcase classname="tests.backend_test.TestAuth" name="test_bcrypt_hash_format" time="0.086" /><testcase classname="tests.test_billing" name="test_proposal_404" time="0.084" /><testcase classname="tests.backend_test.TestLeadCRUD" name="test_create_get_update_delete" time="0.321" /><testcase classname="tests.test_billing" name="test_employee_can_list_and_create_proposals" time="0.201" /><testcase classname="tests.test_billing" name="test_proposal_delete_requires_admin" time="0.044" /><testcase classname="tests.test_billing" name="test_convert_to_campaign_idempotent" time="0.209" /><testcase classname="tests.backend_test.TestLeadCRUD" name="test_duplicate_mobile_blocked" time="0.176" /><testcase classname="tests.backend_test.TestLeadCRUD" name="test_duplicate_force_override" time="0.221" /><testcase classname="tests.test_billing" name="test_campaign_display_status_and_days_left" time="0.088" /><testcase classname="tests.test_billing" name="test_create_and_update_campaign" time="0.170" /><testcase classname="tests.backend_test.TestLeadCRUD" name="test_check_duplicate_endpoint" time="0.245" /><testcase classname="tests.test_billing" name="test_campaign_404" time="0.089" /><testcase classname="tests.test_billing" name="test_next_number_preview_format" time="0.041" /><testcase classname="tests.test_billing" name="test_generate_invoice_from_campaign" time="0.258" /><testcase classname="tests.backend_test.TestLeadCRUD" name="test_validation_missing_required" time="0.088" /><testcase classname="tests.backend_test.TestLeadCRUD" name="test_get_missing_lead_404" time="0.044" /><testcase classname="tests.test_billing" name="test_invoice_numbers_unique_and_sequential" time="0.592" /><testcase classname="tests.test_billing" name="test_manual_invoice_number_and_duplicate_conflict" time="0.128" /><testcase classname="tests.backend_test.TestLeadCRUD" name="test_employee_cannot_access_other_lead" time="0.894" /><testcase classname="tests.test_billing" name="test_payment_partial_then_full" time="0.207" /><testcase classname="tests.backend_test.TestLeadCRUD" name="test_employee_cannot_delete_lead" time="0.329" /><testcase classname="tests.test_billing" name="test_invoice_update_recomputes_balance" time="0.044" /><testcase classname="tests.test_billing" name="test_invoice_pdf" time="0.219" /><testcase classname="tests.backend_test.TestAnalytics" name="test_employee_performance" time="0.055" /><testcase classname="tests.test_billing" name="test_invoice_404_and_filters" time="0.211" /><testcase classname="tests.backend_test.TestAnalytics" name="test_call_analytics" time="0.089" /><testcase classname="tests.backend_test.TestAnalytics" name="test_loss_reasons" time="0.048" /><testcase classname="tests.backend_test.TestAnalytics" name="test_admin_only[/api/analytics/employees]" time="0.042" /><testcase classname="tests.test_billing" name="test_business_dashboard" time="0.046" /><testcase classname="tests.backend_test.TestAnalytics" name="test_admin_only[/api/analytics/calls]" time="0.083" /><testcase classname="tests.test_billing" name="test_business_dashboard_employee_forbidden" time="0.045" /><testcase classname="tests.test_billing" name="test_backup_admin_only" time="0.422" /><testcase classname="tests.backend_test.TestAnalytics" name="test_admin_only[/api/analytics/loss-reasons]" time="0.043" /><testcase classname="tests.backend_test.TestAnalytics" name="test_admin_only[/api/leads/export/csv]" time="0.045" /><testcase classname="tests.backend_test.TestLeadsListing" name="test_admin_sees_all" time="0.062" /><testcase classname="tests.backend_test.TestLeadsListing" name="test_employee_scoped" time="0.091" /><testcase classname="tests.backend_test.TestLeadsListing" name="test_search_filter" time="0.135" /><testcase classname="tests.backend_test.TestLeadsListing" name="test_status_and_priority_filters" time="0.096" /><testcase classname="tests.test_billing" name="test_reset_guards" time="0.129" /><testcase classname="tests.backend_test.TestLeadsListing" name="test_pagination" time="0.094" /><testcase classname="tests.test_billing" name="test_unauthenticated_blocked" time="0.316" /><testcase classname="tests.backend_test.TestLeadsListing" name="test_sort_priority" time="0.052" /><testcase classname="tests.backend_test.TestFollowUps" name="test_buckets_shape" time="0.075" /><testcase classname="tests.backend_test.TestFollowUps" name="test_employee_sees_only_own" time="0.091" /><testcase classname="tests.backend_test.TestFollowUps" name="test_complete_and_reschedule" time="0.417" /><testcase classname="tests.test_billing" name="test_zz_cleanup" time="0.466" /><testcase classname="tests.backend_test.TestFollowUps" name="test_complete_missing_404" time="0.045" /><testcase classname="tests.backend_test.TestFollowUps" name="test_employee_cannot_complete_others_followup" time="0.271" /><testcase classname="tests.backend_test.TestDashboards" name="test_admin_dashboard" time="0.087" /><testcase classname="tests.backend_test.TestDashboards" name="test_admin_dashboard_forbidden_for_employee" time="0.046" /><testcase classname="tests.backend_test.TestDashboards" name="test_employee_dashboard" time="0.147" /><testcase classname="tests.backend_test.TestCallLogging" name="test_log_call_interested_with_followup" time="0.207" /><testcase classname="tests.backend_test.TestDashboards" name="test_calls_today" time="0.073" /><testcase classname="tests.backend_test.TestProposalsConversion" name="test_create_proposal" time="0.274" /><testcase classname="tests.backend_test.TestCallLogging" name="test_log_call_not_interested_loss_reason" time="0.227" /><testcase classname="tests.backend_test.TestCallLogging" name="test_send_proposal_outcome_sets_proposal_status" time="0.194" /><testcase classname="tests.backend_test.TestProposalsConversion" name="test_list_proposals" time="0.178" /><testcase classname="tests.backend_test.TestProposalsConversion" name="test_convert_lead" time="0.295" /><testcase classname="tests.backend_test.TestCallLogging" name="test_invalid_outcome" time="0.229" /><testcase classname="tests.backend_test.TestEmployees" name="test_list_employees" time="0.045" /><testcase classname="tests.backend_test.TestEmployees" name="test_create_update_deactivate_employee" time="1.091" /><testcase classname="tests.backend_test.TestProposalsConversion" name="test_convert_validation" time="0.165" /><testcase classname="tests.backend_test.TestImportExport" name="test_preview_and_commit" time="0.590" /><testcase classname="tests.backend_test.TestImportExport" name="test_import_admin_only" time="0.326" /><testcase classname="tests.backend_test.TestImportExport" name="test_export_csv" time="0.043" /><testcase classname="tests.backend_test.TestEmployees" name="test_employee_cannot_create_employee" time="0.040" /><testcase classname="tests.backend_test.TestEmployees" name="test_admin_cannot_delete_self" time="0.089" /><testcase classname="tests.backend_test.TestMeta" name="test_meta" time="0.040" /><testcase classname="tests.backend_test.TestTemplates" name="test_get_and_update_template" time="0.257" /></testsuite></testsuites>